<?xml version="1.0" encoding="UTF-8"?>
<coverage generated="1670949562361" clover="3.2.0">
  <project timestamp="1670949562361" name="All files">
    <metrics statements="35" coveredstatements="20" conditionals="8" coveredconditionals="7" methods="8" coveredmethods="3" elements="51" coveredelements="30" complexity="0" loc="35" ncloc="35" packages="1" files="2" classes="2"/>
    <file name="effect.ts" path="/Users/pika/codespace/library/vue-library/simple-vue/src/reactivity/effect.ts">
      <metrics statements="25" coveredstatements="14" conditionals="4" coveredconditionals="4" methods="5" coveredmethods="1"/>
      <line num="5" count="0" type="stmt"/>
      <line num="8" count="0" type="stmt"/>
      <line num="9" count="0" type="stmt"/>
      <line num="16" count="1" type="stmt"/>
      <line num="17" count="1" type="stmt"/>
      <line num="18" count="2" type="stmt"/>
      <line num="19" count="2" type="stmt"/>
      <line num="20" count="2" type="cond" truecount="2" falsecount="0"/>
      <line num="21" count="1" type="stmt"/>
      <line num="22" count="1" type="stmt"/>
      <line num="25" count="2" type="stmt"/>
      <line num="26" count="2" type="cond" truecount="2" falsecount="0"/>
      <line num="27" count="1" type="stmt"/>
      <line num="28" count="1" type="stmt"/>
      <line num="30" count="2" type="stmt"/>
      <line num="36" count="1" type="stmt"/>
      <line num="37" count="0" type="stmt"/>
      <line num="38" count="0" type="stmt"/>
      <line num="39" count="0" type="stmt"/>
      <line num="40" count="0" type="stmt"/>
      <line num="41" count="0" type="stmt"/>
      <line num="46" count="1" type="stmt"/>
      <line num="47" count="0" type="stmt"/>
      <line num="48" count="0" type="stmt"/>
      <line num="49" count="0" type="stmt"/>
    </file>
    <file name="reactive.ts" path="/Users/pika/codespace/library/vue-library/simple-vue/src/reactivity/reactive.ts">
      <metrics statements="10" coveredstatements="6" conditionals="4" coveredconditionals="3" methods="3" coveredmethods="2"/>
      <line num="3" count="1" type="stmt"/>
      <line num="5" count="1" type="cond" truecount="3" falsecount="1"/>
      <line num="6" count="1" type="stmt"/>
      <line num="8" count="2" type="stmt"/>
      <line num="9" count="2" type="stmt"/>
      <line num="10" count="2" type="stmt"/>
      <line num="14" count="0" type="stmt"/>
      <line num="15" count="0" type="stmt"/>
      <line num="16" count="0" type="stmt"/>
      <line num="21" count="0" type="stmt"/>
    </file>
  </project>
</coverage>
